<?xml version="1.0" encoding="UTF-8"?>
<!-- Generated by org.testng.reporters.JUnitReportReporter -->
<testsuite hostname="TEO-ShahzebShah" failures="0" tests="8" name="shahtest_web.WebTest.tests.AppTest" time="169.492" errors="0" timestamp="2025-10-22T12:21:53 PKT" skipped="0">
  <testcase classname="shahtest_web.WebTest.tests.AppTest" name="logInTest" time="86.886"/>
  <testcase classname="shahtest_web.WebTest.tests.AppTest" name="measurementTest" time="10.937"/>
  <testcase classname="shahtest_web.WebTest.tests.AppTest" name="instrumentTest" time="11.584"/>
  <testcase classname="shahtest_web.WebTest.tests.AppTest" name="addInstrumentTest" time="5.550"/>
  <testcase classname="shahtest_web.WebTest.tests.AppTest" name="userTest" time="12.995"/>
  <testcase classname="shahtest_web.WebTest.tests.AppTest" name="organizationTest" time="8.132"/>
  <testcase classname="shahtest_web.WebTest.tests.AppTest" name="addOrganizationTest" time="5.727"/>
  <testcase classname="shahtest_web.WebTest.tests.AppTest" name="invalidLoginTest" time="27.681"/>
</testsuite> <!-- shahtest_web.WebTest.tests.AppTest -->
