<?xml version="1.0" encoding="UTF-8"?>
<!-- Generated by org.testng.reporters.JUnitReportReporter -->
<testsuite hostname="TEO-ShahzebShah" failures="0" tests="6" name="shahtest_web.WebTest.AppTest" time="220.286" errors="0" timestamp="2025-10-21T11:30:45 PKT" skipped="0">
  <testcase classname="shahtest_web.WebTest.AppTest" name="logInTest" time="149.031"/>
  <testcase classname="shahtest_web.WebTest.AppTest" name="measurementTest" time="10.127"/>
  <testcase classname="shahtest_web.WebTest.AppTest" name="instrumentTest" time="11.959"/>
  <testcase classname="shahtest_web.WebTest.AppTest" name="addInstrumentTest" time="9.341"/>
  <testcase classname="shahtest_web.WebTest.AppTest" name="userTest" time="15.841"/>
  <testcase classname="shahtest_web.WebTest.AppTest" name="organizationTest" time="23.987"/>
</testsuite> <!-- shahtest_web.WebTest.AppTest -->
