<?xml version="1.0" encoding="UTF-8"?>
<!-- Generated by org.testng.reporters.JUnitReportReporter -->
<testsuite hostname="TEO-ShahzebShah" failures="0" tests="7" name="shahtest_web.WebTest.tests.AppTest" time="150.363" errors="0" timestamp="2025-10-21T14:38:41 PKT" skipped="0">
  <testcase classname="shahtest_web.WebTest.tests.AppTest" name="logInTest" time="8.620"/>
  <testcase classname="shahtest_web.WebTest.tests.AppTest" name="measurementTest" time="83.370"/>
  <testcase classname="shahtest_web.WebTest.tests.AppTest" name="instrumentTest" time="11.505"/>
  <testcase classname="shahtest_web.WebTest.tests.AppTest" name="addInstrumentTest" time="15.608"/>
  <testcase classname="shahtest_web.WebTest.tests.AppTest" name="userTest" time="16.757"/>
  <testcase classname="shahtest_web.WebTest.tests.AppTest" name="organizationTest" time="8.290"/>
  <testcase classname="shahtest_web.WebTest.tests.AppTest" name="addOrganizationTest" time="6.213"/>
</testsuite> <!-- shahtest_web.WebTest.tests.AppTest -->
